TN:
SF:src/nvm/nvm.parser.ts
FN:33,parseAliases
FN:36,(anonymous_1)
FN:37,(anonymous_2)
FN:38,(anonymous_3)
FN:66,(anonymous_4)
FN:84,parseRemoteVersions
FNF:6
FNH:6
FNDA:9,parseAliases
FNDA:14,(anonymous_1)
FNDA:14,(anonymous_2)
FNDA:12,(anonymous_3)
FNDA:12,(anonymous_4)
FNDA:6,parseRemoteVersions
DA:11,2
DA:14,2
DA:34,9
DA:36,14
DA:37,14
DA:39,12
DA:40,12
DA:42,12
DA:43,12
DA:46,12
DA:47,12
DA:51,12
DA:52,12
DA:53,12
DA:55,12
DA:57,12
DA:66,12
DA:85,6
DA:87,6
DA:88,13
DA:89,13
DA:90,13
DA:93,9
DA:95,9
DA:102,6
LF:25
LH:25
BRDA:40,0,0,0
BRDA:40,0,1,12
BRDA:47,1,0,12
BRDA:47,1,1,0
BRDA:52,2,0,3
BRDA:52,2,1,9
BRDA:53,3,0,12
BRDA:53,3,1,9
BRDA:53,4,0,8
BRDA:53,4,1,1
BRDA:66,5,0,12
BRDA:66,5,1,12
BRDA:90,6,0,4
BRDA:90,6,1,9
BRDA:97,7,0,3
BRDA:97,7,1,6
BRF:16
BRH:14
end_of_record
TN:
SF:src/nvm/nvm.service.ts
FN:47,escapeArgs
FN:48,(anonymous_1)
FN:72,setActiveVersionOverride
FN:90,resolveVersionToDir
FN:97,(anonymous_4)
FN:121,runNvm
FN:124,(anonymous_6)
FN:128,(anonymous_7)
FN:147,readAliasFile
FN:162,normalizeVersion
FN:178,resolveAlias
FN:208,runNvmLsFast
FN:213,(anonymous_12)
FN:213,(anonymous_13)
FN:257,(anonymous_14)
FN:278,spawnNvm
FN:294,setLtsAliasFile
FN:309,deleteLtsAliasFile
FN:329,updateNvm
FN:351,(anonymous_19)
FN:355,(anonymous_20)
FN:375,openNvmDir
FN:379,(anonymous_22)
FN:380,(anonymous_23)
FN:397,fetchNvmLatestVersion
FNF:25
FNH:25
FNDA:6,escapeArgs
FNDA:8,(anonymous_1)
FNDA:6,setActiveVersionOverride
FNDA:3,resolveVersionToDir
FNDA:7,(anonymous_4)
FNDA:5,runNvm
FNDA:5,(anonymous_6)
FNDA:5,(anonymous_7)
FNDA:35,readAliasFile
FNDA:24,normalizeVersion
FNDA:25,resolveAlias
FNDA:7,runNvmLsFast
FNDA:10,(anonymous_12)
FNDA:4,(anonymous_13)
FNDA:10,(anonymous_14)
FNDA:1,spawnNvm
FNDA:2,setLtsAliasFile
FNDA:2,deleteLtsAliasFile
FNDA:4,updateNvm
FNDA:2,(anonymous_19)
FNDA:2,(anonymous_20)
FNDA:3,openNvmDir
FNDA:3,(anonymous_22)
FNDA:3,(anonymous_23)
FNDA:8,fetchNvmLatestVersion
DA:21,2
DA:31,2
DA:48,8
DA:63,2
DA:73,6
DA:91,3
DA:92,3
DA:93,3
DA:94,3
DA:95,3
DA:96,5
DA:97,7
DA:98,3
DA:101,3
DA:104,0
DA:105,3
DA:106,0
DA:107,0
DA:122,5
DA:124,5
DA:125,5
DA:130,5
DA:131,2
DA:132,2
DA:134,3
DA:148,35
DA:149,35
DA:151,10
DA:163,24
DA:164,24
DA:179,25
DA:180,24
DA:181,24
DA:183,7
DA:184,1
DA:185,1
DA:186,1
DA:189,6
DA:190,6
DA:209,7
DA:211,7
DA:212,7
DA:213,10
DA:214,4
DA:215,4
DA:216,4
DA:217,5
DA:219,0
DA:222,1
DA:226,7
DA:233,7
DA:243,7
DA:244,7
DA:245,7
DA:247,7
DA:248,3
DA:249,3
DA:250,2
DA:253,1
DA:257,10
DA:267,7
DA:279,1
DA:280,1
DA:295,2
DA:296,2
DA:297,2
DA:298,2
DA:310,2
DA:330,4
DA:332,4
DA:333,4
DA:334,1
DA:341,3
DA:345,3
DA:346,1
DA:348,2
DA:349,2
DA:351,2
DA:352,2
DA:357,2
DA:358,1
DA:359,1
DA:361,1
DA:376,3
DA:377,3
DA:379,3
DA:380,3
DA:381,3
DA:382,2
DA:398,8
DA:399,8
DA:403,7
DA:404,5
DA:405,5
DA:407,1
LF:95
LH:91
BRDA:21,0,0,2
BRDA:21,0,1,0
BRDA:35,1,0,2
BRDA:35,1,1,0
BRDA:92,2,0,3
BRDA:92,2,1,0
BRDA:97,3,0,3
BRDA:97,3,1,2
BRDA:104,4,0,0
BRDA:104,4,1,0
BRDA:105,5,0,0
BRDA:105,5,1,3
BRDA:107,6,0,0
BRDA:107,6,1,0
BRDA:107,7,0,0
BRDA:107,7,1,0
BRDA:130,8,0,2
BRDA:130,8,1,3
BRDA:164,9,0,17
BRDA:164,9,1,7
BRDA:178,10,0,25
BRDA:179,11,0,1
BRDA:179,11,1,24
BRDA:181,12,0,17
BRDA:181,12,1,7
BRDA:183,13,0,1
BRDA:183,13,1,6
BRDA:186,14,0,1
BRDA:186,14,1,0
BRDA:190,15,0,6
BRDA:190,15,1,0
BRDA:217,16,0,4
BRDA:217,16,1,1
BRDA:217,17,0,5
BRDA:217,17,1,0
BRDA:217,18,0,5
BRDA:217,18,1,0
BRDA:217,19,0,4
BRDA:217,19,1,0
BRDA:217,20,0,4
BRDA:217,20,1,0
BRDA:234,21,0,6
BRDA:234,21,1,1
BRDA:235,22,0,4
BRDA:235,22,1,3
BRDA:236,23,0,4
BRDA:236,23,1,3
BRDA:237,24,0,4
BRDA:237,24,1,3
BRDA:243,25,0,7
BRDA:243,25,1,0
BRDA:245,26,0,7
BRDA:245,26,1,0
BRDA:247,27,0,3
BRDA:247,27,1,4
BRDA:249,28,0,2
BRDA:249,28,1,1
BRDA:261,29,0,10
BRDA:261,29,1,7
BRDA:262,30,0,10
BRDA:262,30,1,7
BRDA:263,31,0,10
BRDA:263,31,1,7
BRDA:297,32,0,1
BRDA:297,32,1,1
BRDA:330,33,0,4
BRDA:330,33,1,0
BRDA:333,34,0,1
BRDA:333,34,1,3
BRDA:345,35,0,1
BRDA:345,35,1,2
BRDA:357,36,0,1
BRDA:357,36,1,1
BRDA:361,37,0,1
BRDA:361,37,1,0
BRDA:376,38,0,3
BRDA:376,38,1,0
BRDA:377,39,0,2
BRDA:377,39,1,1
BRDA:381,40,0,1
BRDA:381,40,1,2
BRDA:403,41,0,2
BRDA:403,41,1,5
BRDA:405,42,0,5
BRDA:405,42,1,1
BRF:85
BRH:64
end_of_record
TN:
SF:src/nvm/nvm.types.ts
FN:68,constructor
FN:89,isValidVersionInput
FN:103,isValidAliasName
FN:116,isValidAliasTarget
FN:131,isValidLtsCodename
FNF:5
FNH:5
FNDA:12,constructor
FNDA:37,isValidVersionInput
FNDA:28,isValidAliasName
FNDA:25,isValidAliasTarget
FNDA:6,isValidLtsCodename
DA:70,12
DA:71,12
DA:73,12
DA:74,12
DA:90,37
DA:104,28
DA:117,25
DA:132,6
LF:8
LH:8
BRDA:90,0,0,37
BRDA:90,0,1,31
BRDA:104,1,0,28
BRDA:104,1,1,25
BRDA:117,2,0,25
BRDA:117,2,1,22
BRDA:132,3,0,6
BRDA:132,3,1,6
BRDA:132,3,2,4
BRDA:132,3,3,4
BRF:10
BRH:10
end_of_record
TN:
SF:src/routes/nvm.routes.ts
FN:36,(anonymous_0)
FN:46,(anonymous_1)
FN:57,(anonymous_2)
FN:79,(anonymous_3)
FN:104,(anonymous_4)
FN:119,(anonymous_5)
FN:137,(anonymous_6)
FN:156,(anonymous_7)
FN:178,(anonymous_8)
FN:192,(anonymous_9)
FN:219,(anonymous_10)
FN:241,(anonymous_11)
FN:259,(anonymous_12)
FN:272,(anonymous_13)
FN:276,(anonymous_14)
FN:277,(anonymous_15)
FN:278,(anonymous_16)
FN:282,(anonymous_17)
FNF:18
FNH:17
FNDA:2,(anonymous_0)
FNDA:1,(anonymous_1)
FNDA:10,(anonymous_2)
FNDA:2,(anonymous_3)
FNDA:2,(anonymous_4)
FNDA:0,(anonymous_5)
FNDA:3,(anonymous_6)
FNDA:2,(anonymous_7)
FNDA:1,(anonymous_8)
FNDA:5,(anonymous_9)
FNDA:6,(anonymous_10)
FNDA:3,(anonymous_11)
FNDA:3,(anonymous_12)
FNDA:3,(anonymous_13)
FNDA:1,(anonymous_14)
FNDA:1,(anonymous_15)
FNDA:1,(anonymous_16)
FNDA:1,(anonymous_17)
DA:33,1
DA:36,1
DA:37,2
DA:38,2
DA:39,1
DA:41,1
DA:46,1
DA:47,1
DA:48,1
DA:49,1
DA:50,1
DA:52,0
DA:57,1
DA:58,10
DA:59,10
DA:60,10
DA:61,2
DA:62,2
DA:64,8
DA:65,7
DA:67,1
DA:79,1
DA:80,2
DA:81,2
DA:82,2
DA:83,1
DA:84,1
DA:91,1
DA:92,1
DA:93,1
DA:95,0
DA:104,1
DA:105,2
DA:106,2
DA:107,2
DA:108,1
DA:109,1
DA:111,1
DA:112,1
DA:114,0
DA:119,1
DA:120,0
DA:121,0
DA:122,0
DA:123,0
DA:124,0
DA:126,0
DA:127,0
DA:129,0
DA:137,1
DA:138,3
DA:139,3
DA:140,3
DA:141,1
DA:142,1
DA:144,2
DA:145,1
DA:146,1
DA:148,1
DA:149,1
DA:151,0
DA:156,1
DA:157,2
DA:158,2
DA:159,2
DA:160,1
DA:161,1
DA:163,1
DA:164,1
DA:166,0
DA:175,1
DA:178,1
DA:179,1
DA:180,1
DA:181,1
DA:182,1
DA:184,0
DA:192,1
DA:193,5
DA:194,5
DA:195,5
DA:196,3
DA:197,3
DA:199,2
DA:200,0
DA:201,0
DA:203,2
DA:204,1
DA:205,1
DA:207,1
DA:208,1
DA:210,0
DA:219,1
DA:220,6
DA:221,6
DA:222,6
DA:223,1
DA:224,1
DA:226,5
DA:227,4
DA:228,4
DA:230,1
DA:231,1
DA:233,0
DA:241,1
DA:242,3
DA:243,3
DA:244,3
DA:245,1
DA:246,1
DA:248,2
DA:249,1
DA:251,1
DA:259,1
DA:260,3
DA:261,3
DA:262,2
DA:263,2
DA:266,1
DA:267,1
DA:268,1
DA:270,1
DA:272,1
DA:273,3
DA:276,1
DA:277,3
DA:278,3
DA:279,1
DA:280,1
DA:282,3
DA:285,1
DA:286,1
DA:287,1
DA:288,1
DA:289,1
DA:290,1
DA:291,1
DA:292,1
DA:293,1
DA:294,1
DA:295,1
DA:296,1
DA:297,1
LF:143
LH:125
BRDA:60,0,0,2
BRDA:60,0,1,8
BRDA:82,1,0,1
BRDA:82,1,1,1
BRDA:107,2,0,1
BRDA:107,2,1,1
BRDA:122,3,0,0
BRDA:122,3,1,0
BRDA:140,4,0,1
BRDA:140,4,1,2
BRDA:144,5,0,1
BRDA:144,5,1,1
BRDA:159,6,0,1
BRDA:159,6,1,1
BRDA:195,7,0,3
BRDA:195,7,1,2
BRDA:199,8,0,0
BRDA:199,8,1,2
BRDA:203,9,0,1
BRDA:203,9,1,1
BRDA:222,10,0,1
BRDA:222,10,1,5
BRDA:226,11,0,4
BRDA:226,11,1,1
BRDA:244,12,0,1
BRDA:244,12,1,2
BRDA:261,13,0,2
BRDA:261,13,1,1
BRF:28
BRH:25
end_of_record
