TN:
SF:src/nvm/nvm.parser.ts
FN:33,parseAliases
FN:36,(anonymous_1)
FN:37,(anonymous_2)
FN:38,(anonymous_3)
FN:62,(anonymous_4)
FN:76,parseRemoteVersions
FN:95,parseInstalledVersions
FN:98,(anonymous_7)
FN:100,(anonymous_8)
FN:101,(anonymous_9)
FN:107,(anonymous_10)
FNF:11
FNH:11
FNDA:9,parseAliases
FNDA:14,(anonymous_1)
FNDA:14,(anonymous_2)
FNDA:12,(anonymous_3)
FNDA:12,(anonymous_4)
FNDA:6,parseRemoteVersions
FNDA:7,parseInstalledVersions
FNDA:16,(anonymous_7)
FNDA:16,(anonymous_8)
FNDA:11,(anonymous_9)
FNDA:11,(anonymous_10)
DA:4,2
DA:31,2
DA:34,9
DA:36,14
DA:37,14
DA:39,12
DA:40,12
DA:42,12
DA:43,12
DA:45,12
DA:46,12
DA:48,12
DA:49,12
DA:50,12
DA:52,12
DA:54,12
DA:62,12
DA:77,6
DA:79,6
DA:80,13
DA:81,13
DA:82,13
DA:84,9
DA:86,9
DA:92,6
DA:96,7
DA:98,16
DA:100,16
DA:101,11
DA:107,11
LF:30
LH:30
BRDA:40,0,0,0
BRDA:40,0,1,12
BRDA:46,1,0,12
BRDA:46,1,1,0
BRDA:49,2,0,3
BRDA:49,2,1,9
BRDA:50,3,0,12
BRDA:50,3,1,9
BRDA:50,4,0,8
BRDA:50,4,1,1
BRDA:62,5,0,12
BRDA:62,5,1,12
BRDA:82,6,0,4
BRDA:82,6,1,9
BRDA:88,7,0,3
BRDA:88,7,1,6
BRDA:102,8,0,11
BRDA:102,8,1,0
BRDA:102,9,0,11
BRDA:102,9,1,0
BRF:20
BRH:16
end_of_record
TN:
SF:src/nvm/nvm.service.ts
FN:26,escapeArgs
FN:27,(anonymous_1)
FN:48,setActiveVersionOverride
FN:63,resolveVersionToDir
FN:70,(anonymous_4)
FN:87,runNvm
FN:90,(anonymous_6)
FN:94,(anonymous_7)
FN:110,readAliasFile
FN:122,normalizeVersion
FN:132,resolveAlias
FN:158,runNvmLsFast
FN:163,(anonymous_12)
FN:163,(anonymous_13)
FN:207,(anonymous_14)
FN:224,spawnNvm
FN:236,setLtsAliasFile
FN:248,deleteLtsAliasFile
FN:264,updateNvm
FN:286,(anonymous_19)
FN:290,(anonymous_20)
FN:307,openNvmDir
FN:311,(anonymous_22)
FN:312,(anonymous_23)
FN:323,fetchNvmLatestVersion
FNF:25
FNH:25
FNDA:6,escapeArgs
FNDA:8,(anonymous_1)
FNDA:6,setActiveVersionOverride
FNDA:3,resolveVersionToDir
FNDA:7,(anonymous_4)
FNDA:5,runNvm
FNDA:5,(anonymous_6)
FNDA:5,(anonymous_7)
FNDA:35,readAliasFile
FNDA:24,normalizeVersion
FNDA:25,resolveAlias
FNDA:7,runNvmLsFast
FNDA:10,(anonymous_12)
FNDA:4,(anonymous_13)
FNDA:10,(anonymous_14)
FNDA:1,spawnNvm
FNDA:2,setLtsAliasFile
FNDA:2,deleteLtsAliasFile
FNDA:4,updateNvm
FNDA:2,(anonymous_19)
FNDA:2,(anonymous_20)
FNDA:3,openNvmDir
FNDA:3,(anonymous_22)
FNDA:3,(anonymous_23)
FNDA:8,fetchNvmLatestVersion
DA:8,2
DA:18,2
DA:27,8
DA:42,2
DA:49,6
DA:64,3
DA:65,3
DA:66,3
DA:67,3
DA:68,3
DA:69,5
DA:70,7
DA:71,3
DA:74,3
DA:77,0
DA:78,3
DA:79,0
DA:80,0
DA:88,5
DA:90,5
DA:91,5
DA:96,5
DA:97,2
DA:98,2
DA:100,3
DA:111,35
DA:112,35
DA:114,10
DA:123,24
DA:124,24
DA:133,25
DA:134,24
DA:135,24
DA:137,7
DA:138,1
DA:139,1
DA:140,1
DA:143,6
DA:144,6
DA:159,7
DA:161,7
DA:162,7
DA:163,10
DA:164,4
DA:165,4
DA:166,4
DA:167,5
DA:169,0
DA:172,1
DA:176,7
DA:183,7
DA:193,7
DA:194,7
DA:195,7
DA:197,7
DA:198,3
DA:199,3
DA:200,2
DA:203,1
DA:207,10
DA:217,7
DA:225,1
DA:226,1
DA:237,2
DA:238,2
DA:239,2
DA:240,2
DA:249,2
DA:265,4
DA:267,4
DA:268,4
DA:269,1
DA:276,3
DA:280,3
DA:281,1
DA:283,2
DA:284,2
DA:286,2
DA:287,2
DA:292,2
DA:293,1
DA:294,1
DA:296,1
DA:308,3
DA:309,3
DA:311,3
DA:312,3
DA:313,3
DA:314,2
DA:324,8
DA:325,8
DA:329,7
DA:330,5
DA:331,5
DA:333,1
LF:95
LH:91
BRDA:8,0,0,2
BRDA:8,0,1,0
BRDA:22,1,0,2
BRDA:22,1,1,0
BRDA:65,2,0,3
BRDA:65,2,1,0
BRDA:70,3,0,3
BRDA:70,3,1,2
BRDA:77,4,0,0
BRDA:77,4,1,0
BRDA:78,5,0,0
BRDA:78,5,1,3
BRDA:80,6,0,0
BRDA:80,6,1,0
BRDA:80,7,0,0
BRDA:80,7,1,0
BRDA:96,8,0,2
BRDA:96,8,1,3
BRDA:124,9,0,17
BRDA:124,9,1,7
BRDA:132,10,0,25
BRDA:133,11,0,1
BRDA:133,11,1,24
BRDA:135,12,0,17
BRDA:135,12,1,7
BRDA:137,13,0,1
BRDA:137,13,1,6
BRDA:140,14,0,1
BRDA:140,14,1,0
BRDA:144,15,0,6
BRDA:144,15,1,0
BRDA:167,16,0,4
BRDA:167,16,1,1
BRDA:167,17,0,5
BRDA:167,17,1,0
BRDA:167,18,0,5
BRDA:167,18,1,0
BRDA:167,19,0,4
BRDA:167,19,1,0
BRDA:167,20,0,4
BRDA:167,20,1,0
BRDA:184,21,0,6
BRDA:184,21,1,1
BRDA:185,22,0,4
BRDA:185,22,1,3
BRDA:186,23,0,4
BRDA:186,23,1,3
BRDA:187,24,0,4
BRDA:187,24,1,3
BRDA:193,25,0,7
BRDA:193,25,1,0
BRDA:195,26,0,7
BRDA:195,26,1,0
BRDA:197,27,0,3
BRDA:197,27,1,4
BRDA:199,28,0,2
BRDA:199,28,1,1
BRDA:211,29,0,10
BRDA:211,29,1,7
BRDA:212,30,0,10
BRDA:212,30,1,7
BRDA:213,31,0,10
BRDA:213,31,1,7
BRDA:239,32,0,1
BRDA:239,32,1,1
BRDA:265,33,0,4
BRDA:265,33,1,0
BRDA:268,34,0,1
BRDA:268,34,1,3
BRDA:280,35,0,1
BRDA:280,35,1,2
BRDA:292,36,0,1
BRDA:292,36,1,1
BRDA:296,37,0,1
BRDA:296,37,1,0
BRDA:308,38,0,3
BRDA:308,38,1,0
BRDA:309,39,0,2
BRDA:309,39,1,1
BRDA:313,40,0,1
BRDA:313,40,1,2
BRDA:329,41,0,2
BRDA:329,41,1,5
BRDA:331,42,0,5
BRDA:331,42,1,1
BRF:85
BRH:64
end_of_record
TN:
SF:src/nvm/nvm.types.ts
FN:61,constructor
FN:76,isValidVersionInput
FN:85,isValidAliasName
FN:93,isValidAliasTarget
FN:102,isValidLtsCodename
FNF:5
FNH:5
FNDA:12,constructor
FNDA:37,isValidVersionInput
FNDA:28,isValidAliasName
FNDA:25,isValidAliasTarget
FNDA:6,isValidLtsCodename
DA:63,12
DA:64,12
DA:66,12
DA:67,12
DA:77,37
DA:86,28
DA:94,25
DA:103,6
LF:8
LH:8
BRDA:77,0,0,37
BRDA:77,0,1,31
BRDA:86,1,0,28
BRDA:86,1,1,25
BRDA:94,2,0,25
BRDA:94,2,1,22
BRDA:103,3,0,6
BRDA:103,3,1,6
BRDA:103,3,2,4
BRDA:103,3,3,4
BRF:10
BRH:10
end_of_record
TN:
SF:src/routes/nvm.routes.ts
FN:9,(anonymous_0)
FN:18,(anonymous_1)
FN:28,(anonymous_2)
FN:42,(anonymous_3)
FN:62,(anonymous_4)
FN:76,(anonymous_5)
FN:90,(anonymous_6)
FN:108,(anonymous_7)
FN:124,(anonymous_8)
FN:134,(anonymous_9)
FN:156,(anonymous_10)
FN:174,(anonymous_11)
FN:192,(anonymous_12)
FN:205,(anonymous_13)
FN:209,(anonymous_14)
FN:210,(anonymous_15)
FN:211,(anonymous_16)
FN:215,(anonymous_17)
FNF:18
FNH:17
FNDA:2,(anonymous_0)
FNDA:1,(anonymous_1)
FNDA:10,(anonymous_2)
FNDA:2,(anonymous_3)
FNDA:2,(anonymous_4)
FNDA:0,(anonymous_5)
FNDA:3,(anonymous_6)
FNDA:2,(anonymous_7)
FNDA:1,(anonymous_8)
FNDA:5,(anonymous_9)
FNDA:6,(anonymous_10)
FNDA:3,(anonymous_11)
FNDA:3,(anonymous_12)
FNDA:3,(anonymous_13)
FNDA:1,(anonymous_14)
FNDA:1,(anonymous_15)
FNDA:1,(anonymous_16)
FNDA:1,(anonymous_17)
DA:7,1
DA:9,1
DA:10,2
DA:11,2
DA:12,1
DA:14,1
DA:18,1
DA:19,1
DA:20,1
DA:21,1
DA:22,1
DA:24,0
DA:28,1
DA:29,10
DA:30,10
DA:31,10
DA:32,2
DA:33,2
DA:35,8
DA:36,7
DA:38,1
DA:42,1
DA:43,2
DA:44,2
DA:45,2
DA:46,1
DA:47,1
DA:54,1
DA:55,1
DA:56,1
DA:58,0
DA:62,1
DA:63,2
DA:64,2
DA:65,2
DA:66,1
DA:67,1
DA:69,1
DA:70,1
DA:72,0
DA:76,1
DA:77,0
DA:78,0
DA:79,0
DA:80,0
DA:81,0
DA:83,0
DA:84,0
DA:86,0
DA:90,1
DA:91,3
DA:92,3
DA:93,3
DA:94,1
DA:95,1
DA:97,2
DA:98,1
DA:99,1
DA:101,1
DA:102,1
DA:104,0
DA:108,1
DA:109,2
DA:110,2
DA:111,2
DA:112,1
DA:113,1
DA:115,1
DA:116,1
DA:118,0
DA:122,1
DA:124,1
DA:125,1
DA:126,1
DA:127,1
DA:128,1
DA:130,0
DA:134,1
DA:135,5
DA:136,5
DA:137,5
DA:138,3
DA:139,3
DA:141,2
DA:142,0
DA:143,0
DA:145,2
DA:146,1
DA:147,1
DA:149,1
DA:150,1
DA:152,0
DA:156,1
DA:157,6
DA:158,6
DA:159,6
DA:160,1
DA:161,1
DA:163,5
DA:164,4
DA:165,4
DA:167,1
DA:168,1
DA:170,0
DA:174,1
DA:175,3
DA:176,3
DA:177,3
DA:178,1
DA:179,1
DA:181,2
DA:182,1
DA:184,1
DA:192,1
DA:193,3
DA:194,3
DA:195,2
DA:196,2
DA:199,1
DA:200,1
DA:201,1
DA:203,1
DA:205,1
DA:206,3
DA:209,1
DA:210,3
DA:211,3
DA:212,1
DA:213,1
DA:215,3
DA:218,1
DA:219,1
DA:220,1
DA:221,1
DA:222,1
DA:223,1
DA:224,1
DA:225,1
DA:226,1
DA:227,1
DA:228,1
DA:229,1
DA:230,1
LF:143
LH:125
BRDA:31,0,0,2
BRDA:31,0,1,8
BRDA:45,1,0,1
BRDA:45,1,1,1
BRDA:65,2,0,1
BRDA:65,2,1,1
BRDA:79,3,0,0
BRDA:79,3,1,0
BRDA:93,4,0,1
BRDA:93,4,1,2
BRDA:97,5,0,1
BRDA:97,5,1,1
BRDA:111,6,0,1
BRDA:111,6,1,1
BRDA:137,7,0,3
BRDA:137,7,1,2
BRDA:141,8,0,0
BRDA:141,8,1,2
BRDA:145,9,0,1
BRDA:145,9,1,1
BRDA:159,10,0,1
BRDA:159,10,1,5
BRDA:163,11,0,4
BRDA:163,11,1,1
BRDA:177,12,0,1
BRDA:177,12,1,2
BRDA:194,13,0,2
BRDA:194,13,1,1
BRF:28
BRH:25
end_of_record
